<?xml version="1.0" encoding="UTF-8"?>
<testsuite name="test_artitem.TestArtItem-20220520144123" tests="7" file="test_artitem.py" time="3.352" timestamp="2022-05-20T14:41:26" failures="0" errors="0" skipped="0">
	<testcase classname="test_artitem.TestArtItem" name="test_artitems_by_userid" time="0.467" timestamp="2022-05-20T14:41:23" file="tests\test_artitem.py" line="149">
		<system-out><![CDATA[TestArtItem:setUp_:begin
TestArtItem:setUp_:end
TestArtItem:setUp_:begin
TestArtItem:setUp_:end
]]></system-out>
	</testcase>
	<testcase classname="test_artitem.TestArtItem" name="test_artitems_by_username" time="0.230" timestamp="2022-05-20T14:41:24" file="tests\test_artitem.py" line="93">
		<system-out><![CDATA[TestArtItem:setUp_:begin
TestArtItem:setUp_:end
TestArtItem:setUp_:begin
TestArtItem:setUp_:end
]]></system-out>
	</testcase>
	<testcase classname="test_artitem.TestArtItem" name="test_artitems_get" time="0.179" timestamp="2022-05-20T14:41:24" file="tests\test_artitem.py" line="164">
		<system-out><![CDATA[TestArtItem:setUp_:begin
TestArtItem:setUp_:end
TestArtItem:setUp_:begin
TestArtItem:setUp_:end
]]></system-out>
	</testcase>
	<testcase classname="test_artitem.TestArtItem" name="test_artitems_post" time="1.427" timestamp="2022-05-20T14:41:25" file="tests\test_artitem.py" line="174">
		<system-out><![CDATA[TestArtItem:setUp_:begin
TestArtItem:setUp_:end
TestArtItem:setUp_:begin
TestArtItem:setUp_:end
]]></system-out>
	</testcase>
	<testcase classname="test_artitem.TestArtItem" name="test_artitems_post_400" time="0.150" timestamp="2022-05-20T14:41:25" file="tests\test_artitem.py" line="195">
		<system-out><![CDATA[TestArtItem:setUp_:begin
TestArtItem:setUp_:end
TestArtItem:setUp_:begin
TestArtItem:setUp_:end
]]></system-out>
	</testcase>
	<testcase classname="test_artitem.TestArtItem" name="test_delete_artitem_by_id" time="0.680" timestamp="2022-05-20T14:41:26" file="tests\test_artitem.py" line="122">
		<system-out><![CDATA[TestArtItem:setUp_:begin
TestArtItem:setUp_:end
TestArtItem:setUp_:begin
TestArtItem:setUp_:end
]]></system-out>
	</testcase>
	<testcase classname="test_artitem.TestArtItem" name="test_get_artitem_by_id" time="0.218" timestamp="2022-05-20T14:41:26" file="tests\test_artitem.py" line="108">
		<system-out><![CDATA[TestArtItem:setUp_:begin
TestArtItem:setUp_:end
TestArtItem:setUp_:begin
TestArtItem:setUp_:end
]]></system-out>
	</testcase>
</testsuite>
