<?xml version="1.0" encoding="UTF-8"?>
<testsuite name="test_artitems.TestArtItem-20220514225006" tests="1" file="test_artitems.py" time="0.018" timestamp="2022-05-14T22:50:06" failures="0" errors="0" skipped="0">
	<testcase classname="test_artitems.TestArtItem" name="test_artitems_by_username" time="0.018" timestamp="2022-05-14T22:50:06" file="api\tests\test_artitems.py" line="41">
		<system-out><![CDATA[TestArtItem:setUp_:begin
TestArtItem:setUp_:end
TestArtItem:setUp_:begin
TestArtItem:setUp_:end
]]></system-out>
	</testcase>
</testsuite>
