<?xml version="1.0" encoding="UTF-8"?>
<testsuite name="test_episodes.TestEpisodes-20220517210319" tests="3" file="test_episodes.py" time="9.780" timestamp="2022-05-17T21:03:29" failures="0" errors="0" skipped="0">
	<testcase classname="test_episodes.TestEpisodes" name="test_basic" time="9.241" timestamp="2022-05-17T21:03:29" file="tests\test_episodes.py" line="67">
		<system-out><![CDATA[TestArtItem:setUp_:begin
TestArtItem:setUp_:end
We Own This City
How I Met Your Father
We Own This City
Breaking Bad
Halo
The Essex Serpent
Chicago Fire
The Flash
WandaVision
Death in Paradise
Friends
The Pentaverate
Our Flag Means Death
Family Guy
Westworld
NCIS
Grace and Frankie
Chicago Fire
Breaking Bad
Slow Horses
TestArtItem:tearDown_:begin
TestArtItem:tearDown_:end
]]></system-out>
	</testcase>
	<testcase classname="test_episodes.TestEpisodes" name="test_get_episodes_1" time="0.264" timestamp="2022-05-17T21:03:29" file="tests\test_episodes.py" line="81">
		<system-out><![CDATA[TestArtItem:setUp_:begin
TestArtItem:setUp_:end
TestArtItem:tearDown_:begin
TestArtItem:tearDown_:end
]]></system-out>
	</testcase>
	<testcase classname="test_episodes.TestEpisodes" name="test_get_episodes_2" time="0.274" timestamp="2022-05-17T21:03:29" file="tests\test_episodes.py" line="113">
		<system-out><![CDATA[TestArtItem:setUp_:begin
TestArtItem:setUp_:end
TestArtItem:tearDown_:begin
TestArtItem:tearDown_:end
]]></system-out>
	</testcase>
</testsuite>
