<?xml version="1.0" encoding="UTF-8"?>
<testsuite name="test_follow.TestFollow-20220520144123" tests="3" file="test_follow.py" time="1.576" timestamp="2022-05-20T14:41:36" failures="0" errors="0" skipped="0">
	<testcase classname="test_follow.TestFollow" name="test_followers_by_userid" time="0.649" timestamp="2022-05-20T14:41:35" file="tests\test_follow.py" line="69">
		<system-out><![CDATA[TestFollow:setUp_:begin
TestFollow:setUp_:end
TestFollow:setUp_:begin
TestFollow:setUp_:end
]]></system-out>
	</testcase>
	<testcase classname="test_follow.TestFollow" name="test_followers_post" time="0.256" timestamp="2022-05-20T14:41:35" file="tests\test_follow.py" line="96">
		<system-out><![CDATA[TestFollow:setUp_:begin
TestFollow:setUp_:end
TestFollow:setUp_:begin
TestFollow:setUp_:end
]]></system-out>
	</testcase>
	<testcase classname="test_follow.TestFollow" name="test_followings_by_userid" time="0.671" timestamp="2022-05-20T14:41:36" file="tests\test_follow.py" line="81">
		<system-out><![CDATA[TestFollow:setUp_:begin
TestFollow:setUp_:end
TestFollow:setUp_:begin
TestFollow:setUp_:end
]]></system-out>
	</testcase>
</testsuite>
