<?xml version="1.0" encoding="UTF-8"?>
<testsuite name="test_artitem.TestArtItem-20220517211803" tests="6" file="test_artitem.py" time="0.758" timestamp="2022-05-17T21:18:04" failures="0" errors="0" skipped="0">
	<testcase classname="test_artitem.TestArtItem" name="test_artitems_by_id" time="0.133" timestamp="2022-05-17T21:18:03" file="tests\test_artitem.py" line="108">
		<system-out><![CDATA[TestArtItem:setUp_:begin
TestArtItem:setUp_:end
TestArtItem:setUp_:begin
TestArtItem:setUp_:end
]]></system-out>
	</testcase>
	<testcase classname="test_artitem.TestArtItem" name="test_artitems_by_userid" time="0.111" timestamp="2022-05-17T21:18:03" file="tests\test_artitem.py" line="121">
		<system-out><![CDATA[TestArtItem:setUp_:begin
TestArtItem:setUp_:end
TestArtItem:setUp_:begin
TestArtItem:setUp_:end
]]></system-out>
	</testcase>
	<testcase classname="test_artitem.TestArtItem" name="test_artitems_by_username" time="0.126" timestamp="2022-05-17T21:18:03" file="tests\test_artitem.py" line="93">
		<system-out><![CDATA[TestArtItem:setUp_:begin
TestArtItem:setUp_:end
TestArtItem:setUp_:begin
TestArtItem:setUp_:end
]]></system-out>
	</testcase>
	<testcase classname="test_artitem.TestArtItem" name="test_artitems_get" time="0.099" timestamp="2022-05-17T21:18:03" file="tests\test_artitem.py" line="134">
		<system-out><![CDATA[TestArtItem:setUp_:begin
TestArtItem:setUp_:end
TestArtItem:setUp_:begin
TestArtItem:setUp_:end
]]></system-out>
	</testcase>
	<testcase classname="test_artitem.TestArtItem" name="test_artitems_post" time="0.209" timestamp="2022-05-17T21:18:03" file="tests\test_artitem.py" line="143">
		<system-out><![CDATA[TestArtItem:setUp_:begin
TestArtItem:setUp_:end
TestArtItem:setUp_:begin
TestArtItem:setUp_:end
]]></system-out>
	</testcase>
	<testcase classname="test_artitem.TestArtItem" name="test_artitems_post_400" time="0.079" timestamp="2022-05-17T21:18:04" file="tests\test_artitem.py" line="164">
		<system-out><![CDATA[TestArtItem:setUp_:begin
TestArtItem:setUp_:end
TestArtItem:setUp_:begin
TestArtItem:setUp_:end
]]></system-out>
	</testcase>
</testsuite>
