<?xml version="1.0" encoding="UTF-8"?>
<testsuite name="test_episodes.TestEpisodes-20220517211803" tests="3" file="test_episodes.py" time="8.661" timestamp="2022-05-17T21:18:12" failures="0" errors="0" skipped="0">
	<testcase classname="test_episodes.TestEpisodes" name="test_basic" time="7.927" timestamp="2022-05-17T21:18:11" file="tests\test_episodes.py" line="67">
		<system-out><![CDATA[TestArtItem:setUp_:begin
TestArtItem:setUp_:end
The Mentalist
Severance
Anatomy of a Scandal
Moon Knight
The Office
Euphoria
The Boys
House of the Dragon
Outer Range
Young Sheldon
Star Trek: Strange New Worlds
Love, Death & Robots
Westworld
Vikings
Grace and Frankie
Criminal Minds
Doctor Who
Soupçons
Soupçons
Reacher
TestArtItem:tearDown_:begin
TestArtItem:tearDown_:end
]]></system-out>
	</testcase>
	<testcase classname="test_episodes.TestEpisodes" name="test_get_episodes_1" time="0.267" timestamp="2022-05-17T21:18:12" file="tests\test_episodes.py" line="81">
		<system-out><![CDATA[TestArtItem:setUp_:begin
TestArtItem:setUp_:end
TestArtItem:tearDown_:begin
TestArtItem:tearDown_:end
]]></system-out>
	</testcase>
	<testcase classname="test_episodes.TestEpisodes" name="test_get_episodes_2" time="0.467" timestamp="2022-05-17T21:18:12" file="tests\test_episodes.py" line="113">
		<system-out><![CDATA[TestArtItem:setUp_:begin
TestArtItem:setUp_:end
TestArtItem:tearDown_:begin
TestArtItem:tearDown_:end
]]></system-out>
	</testcase>
</testsuite>
