<?xml version="1.0" encoding="UTF-8"?>
<testsuite name="test_comment.TestComment-20220520144123" tests="4" file="test_comment.py" time="0.713" timestamp="2022-05-20T14:41:27" failures="0" errors="0" skipped="0">
	<testcase classname="test_comment.TestComment" name="test_commentOfArtItems_post" time="0.275" timestamp="2022-05-20T14:41:27" file="tests\test_comment.py" line="65">
		<system-out><![CDATA[TestComment:setUp_:begin
TestComment:setUp_:end
TestComment:setUp_:begin
TestComment:setUp_:end
]]></system-out>
	</testcase>
	<testcase classname="test_comment.TestComment" name="test_commentsOfArtItem_get" time="0.154" timestamp="2022-05-20T14:41:27" file="tests\test_comment.py" line="54">
		<system-out><![CDATA[TestComment:setUp_:begin
TestComment:setUp_:end
TestComment:setUp_:begin
TestComment:setUp_:end
]]></system-out>
	</testcase>
	<testcase classname="test_comment.TestComment" name="test_getDeleteComment_delete" time="0.133" timestamp="2022-05-20T14:41:27" file="tests\test_comment.py" line="91">
		<system-out><![CDATA[TestComment:setUp_:begin
TestComment:setUp_:end
TestComment:setUp_:begin
TestComment:setUp_:end
]]></system-out>
	</testcase>
	<testcase classname="test_comment.TestComment" name="test_getDeleteComment_get" time="0.151" timestamp="2022-05-20T14:41:27" file="tests\test_comment.py" line="82">
		<system-out><![CDATA[TestComment:setUp_:begin
TestComment:setUp_:end
TestComment:setUp_:begin
TestComment:setUp_:end
]]></system-out>
	</testcase>
</testsuite>
