<?xml version="1.0" encoding="UTF-8"?>
<testsuite name="test_episodes.TestEpisodes-20220520144123" tests="3" file="test_episodes.py" time="7.372" timestamp="2022-05-20T14:41:34" failures="0" errors="0" skipped="0">
	<testcase classname="test_episodes.TestEpisodes" name="test_basic" time="6.911" timestamp="2022-05-20T14:41:34" file="tests\test_episodes.py" line="67">
		<system-out><![CDATA[TestEpisodes:setUp_:begin
TestEpisodes:setUp_:end
TestEpisodes:tearDown_:begin
TestEpisodes:tearDown_:end
]]></system-out>
	</testcase>
	<testcase classname="test_episodes.TestEpisodes" name="test_get_episodes_1" time="0.171" timestamp="2022-05-20T14:41:34" file="tests\test_episodes.py" line="81">
		<system-out><![CDATA[TestEpisodes:setUp_:begin
TestEpisodes:setUp_:end
TestEpisodes:tearDown_:begin
TestEpisodes:tearDown_:end
]]></system-out>
	</testcase>
	<testcase classname="test_episodes.TestEpisodes" name="test_get_episodes_2" time="0.290" timestamp="2022-05-20T14:41:34" file="tests\test_episodes.py" line="113">
		<system-out><![CDATA[TestEpisodes:setUp_:begin
TestEpisodes:setUp_:end
TestEpisodes:tearDown_:begin
TestEpisodes:tearDown_:end
]]></system-out>
	</testcase>
</testsuite>
