<?xml version="1.0" encoding="UTF-8"?>
<testsuite name="test_searchbtg.TestTagSearch-20220517042017" tests="1" file="test_searchbtg.py" time="0.069" timestamp="2022-05-17T04:20:18" failures="0" errors="0" skipped="0">
	<testcase classname="test_searchbtg.TestTagSearch" name="test_get_tagged_artitems" time="0.069" timestamp="2022-05-17T04:20:18" file="tests\test_searchbtg.py" line="44">
		<system-out><![CDATA[TestArtItem:setUp_:begin
TestArtItem:setUp_:end
TestArtItem:setUp_:begin
TestArtItem:setUp_:end
]]></system-out>
	</testcase>
</testsuite>
