<?xml version="1.0" encoding="UTF-8"?>
<testsuite name="test_login.TestLogin-20220520144123" tests="1" file="test_login.py" time="0.212" timestamp="2022-05-20T14:41:36" failures="0" errors="0" skipped="0">
	<testcase classname="test_login.TestLogin" name="test_login_get" time="0.212" timestamp="2022-05-20T14:41:36" file="tests\test_login.py" line="48">
		<system-out><![CDATA[TestLogin:setUp_:begin
Kelsey dG(2CzmY$B Kelsey dG(2CzmY$B
TestLogin:setUp_:end
<Response status_code=200, "application/json">
TestLogin:setUp_:begin
TestLogin:setUp_:end
]]></system-out>
	</testcase>
</testsuite>
