<?xml version="1.0" encoding="UTF-8"?>
<testsuite name="test_artitem.TestArtItem-20220516233647" tests="5" file="test_artitem.py" time="0.632" timestamp="2022-05-16T23:36:48" failures="0" errors="1" skipped="0">
	<testcase classname="test_artitem.TestArtItem" name="test_artitems_by_id" time="0.137" timestamp="2022-05-16T23:36:47" file="tests\test_artitem.py" line="108">
		<system-out><![CDATA[TestArtItem:setUp_:begin
TestArtItem:setUp_:end
TestArtItem:setUp_:begin
TestArtItem:setUp_:end
]]></system-out>
	</testcase>
	<testcase classname="test_artitem.TestArtItem" name="test_artitems_by_userid" time="0.112" timestamp="2022-05-16T23:36:47" file="tests\test_artitem.py" line="121">
		<system-out><![CDATA[TestArtItem:setUp_:begin
TestArtItem:setUp_:end
TestArtItem:setUp_:begin
TestArtItem:setUp_:end
]]></system-out>
	</testcase>
	<testcase classname="test_artitem.TestArtItem" name="test_artitems_by_username" time="0.123" timestamp="2022-05-16T23:36:47" file="tests\test_artitem.py" line="93">
		<system-out><![CDATA[TestArtItem:setUp_:begin
TestArtItem:setUp_:end
TestArtItem:setUp_:begin
TestArtItem:setUp_:end
]]></system-out>
	</testcase>
	<testcase classname="test_artitem.TestArtItem" name="test_artitems_get" time="0.095" timestamp="2022-05-16T23:36:47" file="tests\test_artitem.py" line="134">
		<system-out><![CDATA[TestArtItem:setUp_:begin
TestArtItem:setUp_:end
TestArtItem:setUp_:begin
TestArtItem:setUp_:end
]]></system-out>
	</testcase>
	<testcase classname="test_artitem.TestArtItem" name="test_artitems_post" time="0.166" timestamp="2022-05-16T23:36:48" file="tests\test_artitem.py" line="150">
		<error type="JSONDecodeError" message="Expecting value: line 1 column 1 (char 0)"><![CDATA[Traceback (most recent call last):
  File "C:\Users\Asus\ArtProject\bounswe2022group8\Practice App\tests\test_artitem.py", line 166, in test_artitems_post
    response = self.client.post('/api/v1/artitems/', post_data,  headers = {'Content-Type': 'multipart/form-data'})
  File "C:\Users\Asus\ArtProject\bounswe2022group8\Practice App\env\lib\site-packages\django\test\client.py", line 852, in post
    response = super().post(
  File "C:\Users\Asus\ArtProject\bounswe2022group8\Practice App\env\lib\site-packages\django\test\client.py", line 441, in post
    return self.generic(
  File "C:\Users\Asus\ArtProject\bounswe2022group8\Practice App\env\lib\site-packages\django\test\client.py", line 541, in generic
    return self.request(**r)
  File "C:\Users\Asus\ArtProject\bounswe2022group8\Practice App\env\lib\site-packages\django\test\client.py", line 810, in request
    self.check_exception(response)
  File "C:\Users\Asus\ArtProject\bounswe2022group8\Practice App\env\lib\site-packages\django\test\client.py", line 663, in check_exception
    raise exc_value
  File "C:\Users\Asus\ArtProject\bounswe2022group8\Practice App\env\lib\site-packages\django\core\handlers\exception.py", line 55, in inner
    response = get_response(request)
  File "C:\Users\Asus\ArtProject\bounswe2022group8\Practice App\env\lib\site-packages\django\core\handlers\base.py", line 197, in _get_response
    response = wrapped_callback(request, *callback_args, **callback_kwargs)
  File "C:\Users\Asus\ArtProject\bounswe2022group8\Practice App\env\lib\site-packages\django\views\decorators\csrf.py", line 54, in wrapped_view
    return view_func(*args, **kwargs)
  File "C:\Users\Asus\ArtProject\bounswe2022group8\Practice App\env\lib\site-packages\django\views\generic\base.py", line 84, in view
    return self.dispatch(request, *args, **kwargs)
  File "C:\Users\Asus\ArtProject\bounswe2022group8\Practice App\env\lib\site-packages\rest_framework\views.py", line 509, in dispatch
    response = self.handle_exception(exc)
  File "C:\Users\Asus\ArtProject\bounswe2022group8\Practice App\env\lib\site-packages\rest_framework\views.py", line 469, in handle_exception
    self.raise_uncaught_exception(exc)
  File "C:\Users\Asus\ArtProject\bounswe2022group8\Practice App\env\lib\site-packages\rest_framework\views.py", line 480, in raise_uncaught_exception
    raise exc
  File "C:\Users\Asus\ArtProject\bounswe2022group8\Practice App\env\lib\site-packages\rest_framework\views.py", line 506, in dispatch
    response = handler(request, *args, **kwargs)
  File "C:\Users\Asus\ArtProject\bounswe2022group8\Practice App\env\lib\site-packages\rest_framework\decorators.py", line 50, in handler
    return func(*args, **kwargs)
  File "C:\Users\Asus\ArtProject\bounswe2022group8\Practice App\api\views\view_artitems.py", line 47, in artitems
    data = json.loads(request.data['data'])   # raw data
  File "C:\Users\Asus\AppData\Local\Programs\Python\Python38\lib\json\__init__.py", line 357, in loads
    return _default_decoder.decode(s)
  File "C:\Users\Asus\AppData\Local\Programs\Python\Python38\lib\json\decoder.py", line 337, in decode
    obj, end = self.raw_decode(s, idx=_w(s, 0).end())
  File "C:\Users\Asus\AppData\Local\Programs\Python\Python38\lib\json\decoder.py", line 355, in raw_decode
    raise JSONDecodeError("Expecting value", s, err.value) from None
json.decoder.JSONDecodeError: Expecting value: line 1 column 1 (char 0)
]]></error>
		<system-out><![CDATA[TestArtItem:setUp_:begin
TestArtItem:setUp_:end
{'data': {'title': 'pay', 'description': 'Difference accept today card. Bed poor pattern describe. Pay defense face accept teacher across.', 'owner': 1, 'tags': 1}, 'artitem_image': <_io.BytesIO object at 0x000001D767E1F540>}
TestArtItem:setUp_:begin
TestArtItem:setUp_:end
]]></system-out>
	</testcase>
</testsuite>
