<?xml version="1.0" encoding="UTF-8"?>
<testsuite name="test_tags.TestComment-20220520144123" tests="1" file="test_tags.py" time="0.136" timestamp="2022-05-20T14:41:39" failures="0" errors="0" skipped="0">
	<testcase classname="test_tags.TestComment" name="test_tags_get" time="0.136" timestamp="2022-05-20T14:41:39" file="tests\test_tags.py" line="53">
		<system-out><![CDATA[TestComment:setUp_:begin
TestComment:setUp_:end
TestComment:setUp_:begin
TestComment:setUp_:end
]]></system-out>
	</testcase>
</testsuite>
