<?xml version="1.0" encoding="UTF-8"?>
<testsuite name="api.test.TestAnnotations-20221225135223" tests="17" file="api/test.py" time="1.995" timestamp="2022-12-25T13:52:25" failures="0" errors="0" skipped="0">
	<testcase classname="api.test.TestAnnotations" name="test_body_serializer" time="0.096" timestamp="2022-12-25T13:52:23" file="api\test.py" line="50">
		<system-out><![CDATA[TestAnnotation:setUp_:begin
TestAnnotation:setUp_:end
TestAnnotation:tearDown_:begin
TestAnnotation:tearDown_:end
]]></system-out>
	</testcase>
	<testcase classname="api.test.TestAnnotations" name="test_create_image_annotation" time="0.141" timestamp="2022-12-25T13:52:23" file="api\test.py" line="90">
		<system-out><![CDATA[TestAnnotation:setUp_:begin
TestAnnotation:setUp_:end
TestAnnotation:tearDown_:begin
TestAnnotation:tearDown_:end
]]></system-out>
	</testcase>
	<testcase classname="api.test.TestAnnotations" name="test_create_text_annotation" time="0.138" timestamp="2022-12-25T13:52:23" file="api\test.py" line="155">
		<system-out><![CDATA[TestAnnotation:setUp_:begin
TestAnnotation:setUp_:end
TestAnnotation:tearDown_:begin
TestAnnotation:tearDown_:end
]]></system-out>
	</testcase>
	<testcase classname="api.test.TestAnnotations" name="test_edit_annotation" time="0.134" timestamp="2022-12-25T13:52:24" file="api\test.py" line="235">
		<system-out><![CDATA[TestAnnotation:setUp_:begin
TestAnnotation:setUp_:end
TestAnnotation:tearDown_:begin
TestAnnotation:tearDown_:end
]]></system-out>
	</testcase>
	<testcase classname="api.test.TestAnnotations" name="test_fragment_selector_serializer" time="0.082" timestamp="2022-12-25T13:52:24" file="api\test.py" line="68">
		<system-out><![CDATA[TestAnnotation:setUp_:begin
TestAnnotation:setUp_:end
TestAnnotation:tearDown_:begin
TestAnnotation:tearDown_:end
]]></system-out>
	</testcase>
	<testcase classname="api.test.TestAnnotations" name="test_get_image_annotations1" time="0.147" timestamp="2022-12-25T13:52:24" file="api\test.py" line="275">
		<system-out><![CDATA[TestAnnotation:setUp_:begin
TestAnnotation:setUp_:end
TestAnnotation:tearDown_:begin
TestAnnotation:tearDown_:end
]]></system-out>
	</testcase>
	<testcase classname="api.test.TestAnnotations" name="test_get_image_annotations2" time="0.120" timestamp="2022-12-25T13:52:24" file="api\test.py" line="286">
		<system-out><![CDATA[TestAnnotation:setUp_:begin
TestAnnotation:setUp_:end
TestAnnotation:tearDown_:begin
TestAnnotation:tearDown_:end
]]></system-out>
	</testcase>
	<testcase classname="api.test.TestAnnotations" name="test_get_image_annotations3" time="0.118" timestamp="2022-12-25T13:52:24" file="api\test.py" line="296">
		<system-out><![CDATA[TestAnnotation:setUp_:begin
TestAnnotation:setUp_:end
TestAnnotation:tearDown_:begin
TestAnnotation:tearDown_:end
]]></system-out>
	</testcase>
	<testcase classname="api.test.TestAnnotations" name="test_get_image_annotations4" time="0.118" timestamp="2022-12-25T13:52:24" file="api\test.py" line="306">
		<system-out><![CDATA[TestAnnotation:setUp_:begin
TestAnnotation:setUp_:end
TestAnnotation:tearDown_:begin
TestAnnotation:tearDown_:end
]]></system-out>
	</testcase>
	<testcase classname="api.test.TestAnnotations" name="test_get_image_annotations5" time="0.122" timestamp="2022-12-25T13:52:24" file="api\test.py" line="316">
		<system-out><![CDATA[TestAnnotation:setUp_:begin
TestAnnotation:setUp_:end
TestAnnotation:tearDown_:begin
TestAnnotation:tearDown_:end
]]></system-out>
	</testcase>
	<testcase classname="api.test.TestAnnotations" name="test_get_text_annotations1" time="0.127" timestamp="2022-12-25T13:52:24" file="api\test.py" line="327">
		<system-out><![CDATA[TestAnnotation:setUp_:begin
TestAnnotation:setUp_:end
TestAnnotation:tearDown_:begin
TestAnnotation:tearDown_:end
]]></system-out>
	</testcase>
	<testcase classname="api.test.TestAnnotations" name="test_get_text_annotations2" time="0.121" timestamp="2022-12-25T13:52:25" file="api\test.py" line="338">
		<system-out><![CDATA[TestAnnotation:setUp_:begin
TestAnnotation:setUp_:end
TestAnnotation:tearDown_:begin
TestAnnotation:tearDown_:end
]]></system-out>
	</testcase>
	<testcase classname="api.test.TestAnnotations" name="test_get_text_annotations3" time="0.120" timestamp="2022-12-25T13:52:25" file="api\test.py" line="348">
		<system-out><![CDATA[TestAnnotation:setUp_:begin
TestAnnotation:setUp_:end
TestAnnotation:tearDown_:begin
TestAnnotation:tearDown_:end
]]></system-out>
	</testcase>
	<testcase classname="api.test.TestAnnotations" name="test_get_text_annotations4" time="0.129" timestamp="2022-12-25T13:52:25" file="api\test.py" line="358">
		<system-out><![CDATA[TestAnnotation:setUp_:begin
TestAnnotation:setUp_:end
TestAnnotation:tearDown_:begin
TestAnnotation:tearDown_:end
]]></system-out>
	</testcase>
	<testcase classname="api.test.TestAnnotations" name="test_get_text_annotations5" time="0.122" timestamp="2022-12-25T13:52:25" file="api\test.py" line="368">
		<system-out><![CDATA[TestAnnotation:setUp_:begin
TestAnnotation:setUp_:end
TestAnnotation:tearDown_:begin
TestAnnotation:tearDown_:end
]]></system-out>
	</testcase>
	<testcase classname="api.test.TestAnnotations" name="test_helpers" time="0.079" timestamp="2022-12-25T13:52:25" file="api\test.py" line="77">
		<system-out><![CDATA[TestAnnotation:setUp_:begin
TestAnnotation:setUp_:end
TestAnnotation:tearDown_:begin
TestAnnotation:tearDown_:end
]]></system-out>
	</testcase>
	<testcase classname="api.test.TestAnnotations" name="test_image_annotation_target_serializer" time="0.081" timestamp="2022-12-25T13:52:25" file="api\test.py" line="35">
		<system-out><![CDATA[TestAnnotation:setUp_:begin
TestAnnotation:setUp_:end
TestAnnotation:tearDown_:begin
TestAnnotation:tearDown_:end
]]></system-out>
	</testcase>
</testsuite>
